2025-06-11 08:49:24,428 - INFO - Created internal session Internal
2025-06-11 08:49:24,434 - WARNING - Endpoints other than open requested but private key and certificate are not set.
2025-06-11 08:49:24,435 - INFO - starting internal server
2025-06-11 08:49:24,438 - WARNING - Listening on 0.0.0.0:4840
2025-06-11 08:49:24,438 - INFO - Servidor OPC UA iniciado em opc.tcp://0.0.0.0:4840
2025-06-11 08:49:24,581 - INFO - Atualizado filename no OPC UA: zdm4ms~4
2025-06-11 08:49:24,593 - INFO - Atualizado timestamp no OPC UA: 2025-06-11 08:34:29
2025-06-11 08:49:29,735 - INFO - Atualizado filename no OPC UA: zdm4ms~4
2025-06-11 08:49:29,746 - INFO - Atualizado timestamp no OPC UA: 2025-06-11 08:34:29
2025-06-11 08:49:34,897 - INFO - Atualizado filename no OPC UA: zdm4ms~4
2025-06-11 08:49:34,909 - INFO - Atualizado timestamp no OPC UA: 2025-06-11 08:34:29
2025-06-11 08:49:40,041 - INFO - Atualizado filename no OPC UA: zdm4ms~4
2025-06-11 08:49:40,051 - INFO - Atualizado timestamp no OPC UA: 2025-06-11 08:34:29
2025-06-11 08:49:45,185 - INFO - Atualizado filename no OPC UA: zdm4ms~4
2025-06-11 08:49:45,195 - INFO - Atualizado timestamp no OPC UA: 2025-06-11 08:34:29
2025-06-11 08:49:50,349 - INFO - Atualizado filename no OPC UA: zdm4ms~4
2025-06-11 08:49:50,361 - INFO - Atualizado timestamp no OPC UA: 2025-06-11 08:34:29
2025-06-11 08:49:55,512 - INFO - Atualizado filename no OPC UA: zdm4ms~4
2025-06-11 08:49:55,525 - INFO - Atualizado timestamp no OPC UA: 2025-06-11 08:34:29
2025-06-11 08:50:00,666 - INFO - Atualizado filename no OPC UA: zdm4ms~4
2025-06-11 08:50:00,677 - INFO - Atualizado timestamp no OPC UA: 2025-06-11 08:34:29
